<?xml version="1.0" encoding="UTF-8"?>
<!-- Generated by org.testng.reporters.JUnitReportReporter -->
<testsuite hostname="RITESH" failures="0" tests="1" name="testScript.BashTS" time="31.763" errors="0" timestamp="2024-12-02T18:35:18 IST" skipped="0">
  <testcase classname="testScript.BashTS" name="verifyBash007OptionBaseSearchProduct" time="31.763"/>
  <system-out/>
</testsuite> <!-- testScript.BashTS -->
