<?xml version="1.0" encoding="UTF-8"?>
<!-- Generated by org.testng.reporters.JUnitReportReporter -->
<testsuite hostname="RITESH" failures="0" tests="1" name="testScript.BashTS" time="47.576" errors="0" timestamp="2024-11-29T13:58:56 IST" skipped="0">
  <testcase classname="testScript.BashTS" name="verifyBash002NewUserRegister" time="47.576"/>
  <system-out/>
</testsuite> <!-- testScript.BashTS -->
