<?xml version="1.0" encoding="UTF-8"?>
<!-- Generated by org.testng.reporters.JUnitReportReporter -->
<testsuite hostname="RITESH" failures="0" tests="1" name="testScript.BashTS" time="38.193" errors="0" timestamp="2024-11-30T06:45:36 IST" skipped="0">
  <testcase classname="testScript.BashTS" name="verifyBash001SearchProducts" time="38.193"/>
  <system-out/>
</testsuite> <!-- testScript.BashTS -->
