<?xml version="1.0" encoding="UTF-8"?>
<!-- Generated by org.testng.reporters.JUnitReportReporter -->
<testsuite hostname="RITESH" failures="0" tests="1" name="testScript.BashTS" time="23.979" errors="0" timestamp="2024-12-03T14:03:15 IST" skipped="0">
  <testcase classname="testScript.BashTS" name="verifyBash007OptionBaseSearchProduct" time="23.979"/>
  <system-out/>
</testsuite> <!-- testScript.BashTS -->
