<?xml version="1.0" encoding="UTF-8"?>
<!-- Generated by org.testng.reporters.JUnitReportReporter -->
<testsuite hostname="RITESH" failures="0" tests="4" name="testScript.BashTS" time="155.489" errors="0" timestamp="2024-12-02T11:52:26 IST" skipped="0">
  <testcase classname="testScript.BashTS" name="verifyBash006ValidDeatilsUserLogin" time="77.622"/>
  <system-out/>
  <testcase classname="testScript.BashTS" name="verifyBash003RegisterWithfaceBook" time="31.382"/>
  <system-out/>
  <testcase classname="testScript.BashTS" name="verifyBash004RegisterWithApple" time="20.633"/>
  <system-out/>
  <testcase classname="testScript.BashTS" name="verifyBash002RegisterWithGoogle" time="25.852"/>
  <system-out/>
</testsuite> <!-- testScript.BashTS -->
